<?xml version="1.0" encoding="UTF-8"?>
<Site BuildName="Windows-AMD64-Experimental"
	BuildStamp="20230501-1153-Experimental"
	Name="MSI"
	Generator="ctest-3.26.0-rc4"
	CompilerName=""
	CompilerVersion=""
	OSName="Windows"
	Hostname="MSI"
	OSRelease=" Professional"
	OSVersion=" (Build 22621)"
	OSPlatform="AMD64"
	Is64Bits="1"
	VendorString="GenuineIntel"
	VendorID="Intel Corporation"
	FamilyID="6"
	ModelID="14"
	ProcessorCacheSize="-1"
	NumberOfLogicalCPU="8"
	NumberOfPhysicalCPU="4"
	TotalVirtualMemory="22731"
	TotalPhysicalMemory="16228"
	LogicalProcessorsPerPhysical="2"
	ProcessorClockFrequency="2399"
	>
	<Configure>
		<StartDateTime>May 01 14:53 RTZ 2 ([NON-UTF-8-BYTE-0xE7][NON-UTF-8-BYTE-0xE8][NON-UTF-8-BYTE-0xEC][NON-UTF-8-BYTE-0xE0])</StartDateTime>
		<StartConfigureTime>1682942033</StartConfigureTime>
		<ConfigureCommand>"C:/Program Files/CMake/bin/cmake.exe" "-GVisual Studio 16 2019" "-SC:/Users/aleks/OneDrive/Рабочий стол/devtools-course-practice" "-BC:/Users/aleks/OneDrive/Рабочий стол/devtools-course-practice/dashboard/build"</ConfigureCommand>
		<Log>CMake Deprecation Warning at CMakeLists.txt:1 (cmake_minimum_required):
  Compatibility with CMake &lt; 2.8.12 will be removed from a future version of
  CMake.

  Update the VERSION argument &lt;min&gt; value or use a ...&lt;max&gt; suffix to tell
  CMake that the project does not need compatibility with older versions.


CMake Error at CMakeLists.txt:2 (project):
-- Configuring incomplete, errors occurred!
  Generator

    Visual Studio 16 2019

  could not find any instance of Visual Studio.



</Log>
		<ConfigureStatus>1</ConfigureStatus>
		<EndDateTime>May 01 14:53 RTZ 2 ([NON-UTF-8-BYTE-0xE7][NON-UTF-8-BYTE-0xE8][NON-UTF-8-BYTE-0xEC][NON-UTF-8-BYTE-0xE0])</EndDateTime>
		<EndConfigureTime>1682942033</EndConfigureTime>
		<ElapsedMinutes>0</ElapsedMinutes>
	</Configure>
</Site>
